Warning[205] C:\USERS\AGUIL\DOCUMENTS\CODIGOS\TAREAS_AYUDA\PRACTICA1\PRACTICA1.X\PRACTICA1.ASM 1 : Found directive in column 1. (LIST)
Warning[205] C:\USERS\AGUIL\DOCUMENTS\CODIGOS\TAREAS_AYUDA\PRACTICA1\PRACTICA1.X\PRACTICA1.ASM 4 : Found directive in column 1. (CONFIG)
Warning[205] C:\USERS\AGUIL\DOCUMENTS\CODIGOS\TAREAS_AYUDA\PRACTICA1\PRACTICA1.X\PRACTICA1.ASM 5 : Found directive in column 1. (CONFIG)
Warning[205] C:\USERS\AGUIL\DOCUMENTS\CODIGOS\TAREAS_AYUDA\PRACTICA1\PRACTICA1.X\PRACTICA1.ASM 6 : Found directive in column 1. (CONFIG)
Warning[205] C:\USERS\AGUIL\DOCUMENTS\CODIGOS\TAREAS_AYUDA\PRACTICA1\PRACTICA1.X\PRACTICA1.ASM 7 : Found directive in column 1. (CONFIG)
Warning[205] C:\USERS\AGUIL\DOCUMENTS\CODIGOS\TAREAS_AYUDA\PRACTICA1\PRACTICA1.X\PRACTICA1.ASM 8 : Found directive in column 1. (CONFIG)
Warning[205] C:\USERS\AGUIL\DOCUMENTS\CODIGOS\TAREAS_AYUDA\PRACTICA1\PRACTICA1.X\PRACTICA1.ASM 9 : Found directive in column 1. (org)
Warning[203] C:\USERS\AGUIL\DOCUMENTS\CODIGOS\TAREAS_AYUDA\PRACTICA1\PRACTICA1.X\PRACTICA1.ASM 14 : Found opcode in column 1. (MOVLB)
Warning[203] C:\USERS\AGUIL\DOCUMENTS\CODIGOS\TAREAS_AYUDA\PRACTICA1\PRACTICA1.X\PRACTICA1.ASM 15 : Found opcode in column 1. (CLRF)
Warning[203] C:\USERS\AGUIL\DOCUMENTS\CODIGOS\TAREAS_AYUDA\PRACTICA1\PRACTICA1.X\PRACTICA1.ASM 16 : Found opcode in column 1. (CLRF)
Warning[203] C:\USERS\AGUIL\DOCUMENTS\CODIGOS\TAREAS_AYUDA\PRACTICA1\PRACTICA1.X\PRACTICA1.ASM 17 : Found opcode in column 1. (CLRF)
Warning[203] C:\USERS\AGUIL\DOCUMENTS\CODIGOS\TAREAS_AYUDA\PRACTICA1\PRACTICA1.X\PRACTICA1.ASM 19 : Found opcode in column 1. (CLRF)
Warning[203] C:\USERS\AGUIL\DOCUMENTS\CODIGOS\TAREAS_AYUDA\PRACTICA1\PRACTICA1.X\PRACTICA1.ASM 20 : Found opcode in column 1. (CLRF)
Warning[203] C:\USERS\AGUIL\DOCUMENTS\CODIGOS\TAREAS_AYUDA\PRACTICA1\PRACTICA1.X\PRACTICA1.ASM 21 : Found opcode in column 1. (CLRF)
Warning[203] C:\USERS\AGUIL\DOCUMENTS\CODIGOS\TAREAS_AYUDA\PRACTICA1\PRACTICA1.X\PRACTICA1.ASM 22 : Found opcode in column 1. (MOVLW)
Warning[203] C:\USERS\AGUIL\DOCUMENTS\CODIGOS\TAREAS_AYUDA\PRACTICA1\PRACTICA1.X\PRACTICA1.ASM 23 : Found opcode in column 1. (MOVWF)
Warning[203] C:\USERS\AGUIL\DOCUMENTS\CODIGOS\TAREAS_AYUDA\PRACTICA1\PRACTICA1.X\PRACTICA1.ASM 29 : Found opcode in column 1. (DECFSZ)
Warning[203] C:\USERS\AGUIL\DOCUMENTS\CODIGOS\TAREAS_AYUDA\PRACTICA1\PRACTICA1.X\PRACTICA1.ASM 30 : Found opcode in column 1. (call)
Warning[203] C:\USERS\AGUIL\DOCUMENTS\CODIGOS\TAREAS_AYUDA\PRACTICA1\PRACTICA1.X\PRACTICA1.ASM 31 : Found opcode in column 1. (call)
Warning[203] C:\USERS\AGUIL\DOCUMENTS\CODIGOS\TAREAS_AYUDA\PRACTICA1\PRACTICA1.X\PRACTICA1.ASM 32 : Found opcode in column 1. (CALL)
Warning[203] C:\USERS\AGUIL\DOCUMENTS\CODIGOS\TAREAS_AYUDA\PRACTICA1\PRACTICA1.X\PRACTICA1.ASM 33 : Found opcode in column 1. (call)
Warning[203] C:\USERS\AGUIL\DOCUMENTS\CODIGOS\TAREAS_AYUDA\PRACTICA1\PRACTICA1.X\PRACTICA1.ASM 34 : Found opcode in column 1. (call)
Warning[203] C:\USERS\AGUIL\DOCUMENTS\CODIGOS\TAREAS_AYUDA\PRACTICA1\PRACTICA1.X\PRACTICA1.ASM 35 : Found opcode in column 1. (CALL)
Warning[203] C:\USERS\AGUIL\DOCUMENTS\CODIGOS\TAREAS_AYUDA\PRACTICA1\PRACTICA1.X\PRACTICA1.ASM 36 : Found opcode in column 1. (goto)
Warning[203] C:\USERS\AGUIL\DOCUMENTS\CODIGOS\TAREAS_AYUDA\PRACTICA1\PRACTICA1.X\PRACTICA1.ASM 41 : Found opcode in column 1. (DECFSZ)
Warning[203] C:\USERS\AGUIL\DOCUMENTS\CODIGOS\TAREAS_AYUDA\PRACTICA1\PRACTICA1.X\PRACTICA1.ASM 42 : Found opcode in column 1. (GOTO)
Warning[203] C:\USERS\AGUIL\DOCUMENTS\CODIGOS\TAREAS_AYUDA\PRACTICA1\PRACTICA1.X\PRACTICA1.ASM 43 : Found opcode in column 1. (DECFSZ)
Warning[203] C:\USERS\AGUIL\DOCUMENTS\CODIGOS\TAREAS_AYUDA\PRACTICA1\PRACTICA1.X\PRACTICA1.ASM 44 : Found opcode in column 1. (GOTO)
Warning[203] C:\USERS\AGUIL\DOCUMENTS\CODIGOS\TAREAS_AYUDA\PRACTICA1\PRACTICA1.X\PRACTICA1.ASM 45 : Found opcode in column 1. (return)
Warning[205] C:\USERS\AGUIL\DOCUMENTS\CODIGOS\TAREAS_AYUDA\PRACTICA1\PRACTICA1.X\PRACTICA1.ASM 46 : Found directive in column 1. (end)
